<?xml version="1.0" encoding="UTF-8"?>
<testng-results ignored="0" total="1" passed="1" failed="0" skipped="0">
  <reporter-output>
  </reporter-output>
  <suite started-at="2020-07-22T12:02:31Z" name="Suite" finished-at="2020-07-22T12:03:07Z" duration-ms="36161">
    <groups>
    </groups>
    <test started-at="2020-07-22T12:02:31Z" name="Test" finished-at="2020-07-22T12:03:07Z" duration-ms="36161">
      <class name="com.testvagrant.WeathreComparator.Compare.CompareWeatherInfo">
        <test-method signature="displayOutput(java.lang.String)[pri:1, instance:com.testvagrant.WeathreComparator.Compare.CompareWeatherInfo@3527942a]" started-at="2020-07-22T17:32:32Z" name="displayOutput" data-provider="testData" finished-at="2020-07-22T17:33:07Z" duration-ms="35439" status="PASS">
          <params>
            <param index="0">
              <value>
                <![CDATA[Bengaluru]]>
              </value>
            </param>
          </params>
          <reporter-output>
          </reporter-output>
        </test-method> <!-- displayOutput -->
      </class> <!-- com.testvagrant.WeathreComparator.Compare.CompareWeatherInfo -->
    </test> <!-- Test -->
  </suite> <!-- Suite -->
</testng-results>
